Using an excessive number of cores has a diminishing return! It is recommended not to exceed 8 cores per trimming process (you asked for 32 cores). Please consider re-specifying
Path to Cutadapt set as: 'cutadapt' (default)
Cutadapt seems to be working fine (tested command 'cutadapt --version')
Cutadapt version: 2.6
Could not detect version of Python used by Cutadapt from the first line of Cutadapt (but found this: >>>#!/bin/sh<<<)
Letting the (modified) Cutadapt deal with the Python version instead
Parallel gzip (pigz) detected. Proceeding with multicore (de)compression using 32 cores

No quality encoding type selected. Assuming that the data provided uses Sanger encoded Phred scores (default)

Output will be written into the directory: /store/lkemp/exome_project/resource_benchmarking/resource_bench2.5/human_genomics_pipeline/trim_galore/
Writing report to '/store/lkemp/exome_project/resource_benchmarking/resource_bench2.5/human_genomics_pipeline/trim_galore/NIST7035_NIST_chr1-15_R1.fastq.gz_trimming_report.txt'

SUMMARISING RUN PARAMETERS
==========================
Input filename: ../fastq/NIST7035_NIST_chr1-15_R1.fastq.gz
Trimming mode: paired-end
Trim Galore version: 0.6.4_dev
Cutadapt version: 2.6
Python version: could not detect
Number of cores used for trimming: 32
Quality Phred score cutoff: 20
Quality encoding type selected: ASCII+33
Adapter sequence: 'AGATCGGAAGAGC' (Illumina TruSeq, Sanger iPCR; user defined)
Maximum trimming error rate: 0.1 (default)
Minimum required adapter overlap (stringency): 1 bp
Minimum required sequence length for both reads before a sequence pair gets removed: 20 bp
Running FastQC on the data once trimming has completed
Output file(s) will be GZIP compressed

Cutadapt seems to be fairly up-to-date (version 2.6). Setting -j 32
Writing final adapter and quality trimmed output to NIST7035_NIST_chr1-15_R1_trimmed.fq.gz


  >>> Now performing quality (cutoff '-q 20') and adapter trimming in a single pass for the adapter sequence: 'AGATCGGAAGAGC' from file ../fastq/NIST7035_NIST_chr1-15_R1.fastq.gz <<< 
10000000 sequences processed
20000000 sequences processed
This is cutadapt 2.6 with Python 3.7.6
Command line parameters: -j 32 -e 0.1 -q 20 -O 1 -a AGATCGGAAGAGC ../fastq/NIST7035_NIST_chr1-15_R1.fastq.gz
Processing reads on 32 cores in single-end mode ...
Finished in 75.99 s (3 us/read; 23.23 M reads/minute).

=== Summary ===

Total reads processed:              29,425,520
Reads with adapters:                 9,836,966 (33.4%)
Reads written (passing filters):    29,425,520 (100.0%)

Total basepairs processed: 2,971,566,580 bp
Quality-trimmed:              33,174,038 bp (1.1%)
Total written (filtered):  2,924,718,582 bp (98.4%)

=== Adapter 1 ===

Sequence: AGATCGGAAGAGC; Type: regular 3'; Length: 13; Trimmed: 9836966 times.

No. of allowed errors:
0-9 bp: 0; 10-13 bp: 1

Bases preceding removed adapters:
  A: 30.6%
  C: 30.6%
  G: 20.9%
  T: 17.9%
  none/other: 0.0%

Overview of removed sequences
length	count	expect	max.err	error counts
1	7008421	7356380.0	0	7008421
2	2094798	1839095.0	0	2094798
3	593498	459773.8	0	593498
4	110128	114943.4	0	110128
5	22487	28735.9	0	22487
6	3742	7184.0	0	3742
7	399	1796.0	0	399
8	62	449.0	0	62
9	462	112.2	0	14 448
10	640	28.1	1	3 637
11	326	7.0	1	8 318
12	105	1.8	1	0 105
13	30	0.4	1	0 30
14	23	0.4	1	0 23
15	16	0.4	1	0 16
16	15	0.4	1	0 15
17	38	0.4	1	0 38
18	23	0.4	1	0 23
19	22	0.4	1	0 22
20	26	0.4	1	0 26
21	24	0.4	1	0 24
22	22	0.4	1	1 21
23	23	0.4	1	0 23
24	27	0.4	1	0 27
25	35	0.4	1	0 35
26	33	0.4	1	0 33
27	18	0.4	1	0 18
28	26	0.4	1	0 26
29	23	0.4	1	0 23
30	30	0.4	1	2 28
31	25	0.4	1	0 25
32	16	0.4	1	0 16
33	21	0.4	1	0 21
34	21	0.4	1	0 21
35	19	0.4	1	0 19
36	30	0.4	1	0 30
37	22	0.4	1	0 22
38	22	0.4	1	0 22
39	19	0.4	1	0 19
40	30	0.4	1	0 30
41	45	0.4	1	0 45
42	27	0.4	1	0 27
43	17	0.4	1	0 17
44	23	0.4	1	0 23
45	43	0.4	1	0 43
46	17	0.4	1	0 17
47	18	0.4	1	0 18
48	18	0.4	1	0 18
49	17	0.4	1	0 17
50	21	0.4	1	0 21
51	15	0.4	1	0 15
52	19	0.4	1	0 19
53	26	0.4	1	0 26
54	20	0.4	1	0 20
55	14	0.4	1	0 14
56	7	0.4	1	0 7
57	17	0.4	1	0 17
58	24	0.4	1	0 24
59	18	0.4	1	0 18
60	31	0.4	1	0 31
61	19	0.4	1	0 19
62	29	0.4	1	0 29
63	20	0.4	1	0 20
64	25	0.4	1	0 25
65	21	0.4	1	0 21
66	27	0.4	1	1 26
67	21	0.4	1	0 21
68	28	0.4	1	1 27
69	23	0.4	1	0 23
70	21	0.4	1	0 21
71	21	0.4	1	0 21
72	21	0.4	1	0 21
73	27	0.4	1	0 27
74	24	0.4	1	1 23
75	18	0.4	1	0 18
76	9	0.4	1	0 9
77	17	0.4	1	0 17
78	20	0.4	1	0 20
79	17	0.4	1	0 17
80	21	0.4	1	0 21
81	21	0.4	1	0 21
82	13	0.4	1	0 13
83	20	0.4	1	0 20
84	23	0.4	1	0 23
85	28	0.4	1	0 28
86	22	0.4	1	0 22
87	20	0.4	1	0 20
88	16	0.4	1	0 16
89	17	0.4	1	0 17
90	5	0.4	1	0 5
91	11	0.4	1	1 10
92	29	0.4	1	0 29
93	24	0.4	1	0 24
94	22	0.4	1	0 22
95	6	0.4	1	0 6
96	15	0.4	1	0 15
97	23	0.4	1	0 23
98	1	0.4	1	0 1
99	12	0.4	1	0 12
100	1	0.4	1	0 1
101	24	0.4	1	0 24

RUN STATISTICS FOR INPUT FILE: ../fastq/NIST7035_NIST_chr1-15_R1.fastq.gz
=============================================
29425520 sequences processed in total
The length threshold of paired-end sequences gets evaluated later on (in the validation step)

Writing report to '/store/lkemp/exome_project/resource_benchmarking/resource_bench2.5/human_genomics_pipeline/trim_galore/NIST7035_NIST_chr1-15_R2.fastq.gz_trimming_report.txt'

SUMMARISING RUN PARAMETERS
==========================
Input filename: ../fastq/NIST7035_NIST_chr1-15_R2.fastq.gz
Trimming mode: paired-end
Trim Galore version: 0.6.4_dev
Cutadapt version: 2.6
Python version: could not detect
Number of cores used for trimming: 32
Quality Phred score cutoff: 20
Quality encoding type selected: ASCII+33
Adapter sequence: 'AGATCGGAAGAGC' (Illumina TruSeq, Sanger iPCR; user defined)
Maximum trimming error rate: 0.1 (default)
Minimum required adapter overlap (stringency): 1 bp
Minimum required sequence length for both reads before a sequence pair gets removed: 20 bp
Running FastQC on the data once trimming has completed
Output file(s) will be GZIP compressed

Cutadapt seems to be fairly up-to-date (version 2.6). Setting -j -j 32
Writing final adapter and quality trimmed output to NIST7035_NIST_chr1-15_R2_trimmed.fq.gz


  >>> Now performing quality (cutoff '-q 20') and adapter trimming in a single pass for the adapter sequence: 'AGATCGGAAGAGC' from file ../fastq/NIST7035_NIST_chr1-15_R2.fastq.gz <<< 
10000000 sequences processed
20000000 sequences processed
This is cutadapt 2.6 with Python 3.7.6
Command line parameters: -j 32 -e 0.1 -q 20 -O 1 -a AGATCGGAAGAGC ../fastq/NIST7035_NIST_chr1-15_R2.fastq.gz
Processing reads on 32 cores in single-end mode ...
Finished in 79.06 s (3 us/read; 22.33 M reads/minute).

=== Summary ===

Total reads processed:              29,425,520
Reads with adapters:                 9,577,535 (32.5%)
Reads written (passing filters):    29,425,520 (100.0%)

Total basepairs processed: 2,971,132,328 bp
Quality-trimmed:             122,864,845 bp (4.1%)
Total written (filtered):  2,834,873,898 bp (95.4%)

=== Adapter 1 ===

Sequence: AGATCGGAAGAGC; Type: regular 3'; Length: 13; Trimmed: 9577535 times.

No. of allowed errors:
0-9 bp: 0; 10-13 bp: 1

Bases preceding removed adapters:
  A: 31.2%
  C: 29.3%
  G: 20.2%
  T: 19.3%
  none/other: 0.0%

Overview of removed sequences
length	count	expect	max.err	error counts
1	6828367	7356380.0	0	6828367
2	1987796	1839095.0	0	1987796
3	598177	459773.8	0	598177
4	120186	114943.4	0	120186
5	35449	28735.9	0	35449
6	3807	7184.0	0	3807
7	402	1796.0	0	402
8	68	449.0	0	68
9	463	112.2	0	17 446
10	620	28.1	1	2 618
11	312	7.0	1	7 305
12	77	1.8	1	0 77
13	26	0.4	1	0 26
14	23	0.4	1	0 23
15	22	0.4	1	0 22
16	17	0.4	1	1 16
17	31	0.4	1	0 31
18	17	0.4	1	0 17
19	23	0.4	1	0 23
20	13	0.4	1	0 13
21	29	0.4	1	0 29
22	21	0.4	1	1 20
23	34	0.4	1	0 34
24	22	0.4	1	0 22
25	25	0.4	1	0 25
26	36	0.4	1	0 36
27	13	0.4	1	0 13
28	36	0.4	1	0 36
29	27	0.4	1	0 27
30	29	0.4	1	0 29
31	31	0.4	1	0 31
32	18	0.4	1	0 18
33	29	0.4	1	0 29
34	24	0.4	1	0 24
35	21	0.4	1	0 21
36	27	0.4	1	0 27
37	13	0.4	1	0 13
38	15	0.4	1	0 15
39	23	0.4	1	0 23
40	23	0.4	1	0 23
41	25	0.4	1	0 25
42	20	0.4	1	0 20
43	23	0.4	1	0 23
44	29	0.4	1	0 29
45	28	0.4	1	0 28
46	19	0.4	1	0 19
47	18	0.4	1	0 18
48	15	0.4	1	0 15
49	18	0.4	1	0 18
50	28	0.4	1	0 28
51	17	0.4	1	0 17
52	20	0.4	1	0 20
53	15	0.4	1	0 15
54	26	0.4	1	0 26
55	16	0.4	1	0 16
56	10	0.4	1	0 10
57	17	0.4	1	0 17
58	18	0.4	1	0 18
59	22	0.4	1	0 22
60	19	0.4	1	0 19
61	15	0.4	1	0 15
62	32	0.4	1	0 32
63	15	0.4	1	0 15
64	14	0.4	1	0 14
65	18	0.4	1	0 18
66	24	0.4	1	0 24
67	14	0.4	1	0 14
68	29	0.4	1	0 29
69	20	0.4	1	0 20
70	30	0.4	1	0 30
71	13	0.4	1	0 13
72	19	0.4	1	0 19
73	26	0.4	1	0 26
74	23	0.4	1	0 23
75	24	0.4	1	0 24
76	12	0.4	1	0 12
77	11	0.4	1	0 11
78	31	0.4	1	0 31
79	20	0.4	1	1 19
80	25	0.4	1	0 25
81	25	0.4	1	0 25
82	12	0.4	1	0 12
83	20	0.4	1	0 20
84	17	0.4	1	0 17
85	21	0.4	1	0 21
86	21	0.4	1	0 21
87	21	0.4	1	0 21
88	11	0.4	1	0 11
89	16	0.4	1	0 16
90	6	0.4	1	0 6
91	24	0.4	1	0 24
92	25	0.4	1	1 24
93	19	0.4	1	0 19
94	22	0.4	1	0 22
95	14	0.4	1	0 14
96	10	0.4	1	1 9
97	15	0.4	1	2 13
98	3	0.4	1	0 3
99	8	0.4	1	0 8
100	1	0.4	1	0 1
101	14	0.4	1	0 14

RUN STATISTICS FOR INPUT FILE: ../fastq/NIST7035_NIST_chr1-15_R2.fastq.gz
=============================================
29425520 sequences processed in total
The length threshold of paired-end sequences gets evaluated later on (in the validation step)

Validate paired-end files NIST7035_NIST_chr1-15_R1_trimmed.fq.gz and NIST7035_NIST_chr1-15_R2_trimmed.fq.gz
file_1: NIST7035_NIST_chr1-15_R1_trimmed.fq.gz, file_2: NIST7035_NIST_chr1-15_R2_trimmed.fq.gz


>>>>> Now validing the length of the 2 paired-end infiles: NIST7035_NIST_chr1-15_R1_trimmed.fq.gz and NIST7035_NIST_chr1-15_R2_trimmed.fq.gz <<<<<
Writing validated paired-end Read 1 reads to NIST7035_NIST_chr1-15_R1_val_1.fq.gz
Writing validated paired-end Read 2 reads to NIST7035_NIST_chr1-15_R2_val_2.fq.gz

Total number of sequences analysed: 29425520

Number of sequence pairs removed because at least one read was shorter than the length cutoff (20 bp): 472106 (1.60%)


  >>> Now running FastQC on the validated data NIST7035_NIST_chr1-15_R1_val_1.fq.gz<<<

Started analysis of NIST7035_NIST_chr1-15_R1_val_1.fq.gz
Approx 5% complete for NIST7035_NIST_chr1-15_R1_val_1.fq.gz
Approx 10% complete for NIST7035_NIST_chr1-15_R1_val_1.fq.gz
Approx 15% complete for NIST7035_NIST_chr1-15_R1_val_1.fq.gz
Approx 20% complete for NIST7035_NIST_chr1-15_R1_val_1.fq.gz
Approx 25% complete for NIST7035_NIST_chr1-15_R1_val_1.fq.gz
Approx 30% complete for NIST7035_NIST_chr1-15_R1_val_1.fq.gz
Approx 35% complete for NIST7035_NIST_chr1-15_R1_val_1.fq.gz
Approx 40% complete for NIST7035_NIST_chr1-15_R1_val_1.fq.gz
Approx 45% complete for NIST7035_NIST_chr1-15_R1_val_1.fq.gz
Approx 50% complete for NIST7035_NIST_chr1-15_R1_val_1.fq.gz
Approx 55% complete for NIST7035_NIST_chr1-15_R1_val_1.fq.gz
Approx 60% complete for NIST7035_NIST_chr1-15_R1_val_1.fq.gz
Approx 65% complete for NIST7035_NIST_chr1-15_R1_val_1.fq.gz
Approx 70% complete for NIST7035_NIST_chr1-15_R1_val_1.fq.gz
Approx 75% complete for NIST7035_NIST_chr1-15_R1_val_1.fq.gz
Approx 80% complete for NIST7035_NIST_chr1-15_R1_val_1.fq.gz
Approx 85% complete for NIST7035_NIST_chr1-15_R1_val_1.fq.gz
Approx 90% complete for NIST7035_NIST_chr1-15_R1_val_1.fq.gz
Approx 95% complete for NIST7035_NIST_chr1-15_R1_val_1.fq.gz

  >>> Now running FastQC on the validated data NIST7035_NIST_chr1-15_R2_val_2.fq.gz<<<

Started analysis of NIST7035_NIST_chr1-15_R2_val_2.fq.gz
Approx 5% complete for NIST7035_NIST_chr1-15_R2_val_2.fq.gz
Approx 10% complete for NIST7035_NIST_chr1-15_R2_val_2.fq.gz
Approx 15% complete for NIST7035_NIST_chr1-15_R2_val_2.fq.gz
Approx 20% complete for NIST7035_NIST_chr1-15_R2_val_2.fq.gz
Approx 25% complete for NIST7035_NIST_chr1-15_R2_val_2.fq.gz
Approx 30% complete for NIST7035_NIST_chr1-15_R2_val_2.fq.gz
Approx 35% complete for NIST7035_NIST_chr1-15_R2_val_2.fq.gz
Approx 40% complete for NIST7035_NIST_chr1-15_R2_val_2.fq.gz
Approx 45% complete for NIST7035_NIST_chr1-15_R2_val_2.fq.gz
Approx 50% complete for NIST7035_NIST_chr1-15_R2_val_2.fq.gz
Approx 55% complete for NIST7035_NIST_chr1-15_R2_val_2.fq.gz
Approx 60% complete for NIST7035_NIST_chr1-15_R2_val_2.fq.gz
Approx 65% complete for NIST7035_NIST_chr1-15_R2_val_2.fq.gz
Approx 70% complete for NIST7035_NIST_chr1-15_R2_val_2.fq.gz
Approx 75% complete for NIST7035_NIST_chr1-15_R2_val_2.fq.gz
Approx 80% complete for NIST7035_NIST_chr1-15_R2_val_2.fq.gz
Approx 85% complete for NIST7035_NIST_chr1-15_R2_val_2.fq.gz
Approx 90% complete for NIST7035_NIST_chr1-15_R2_val_2.fq.gz
Approx 95% complete for NIST7035_NIST_chr1-15_R2_val_2.fq.gz
Deleting both intermediate output files NIST7035_NIST_chr1-15_R1_trimmed.fq.gz and NIST7035_NIST_chr1-15_R2_trimmed.fq.gz

====================================================================================================

6632.48user 162.10system 10:39.09elapsed 1063%CPU (0avgtext+0avgdata 341032maxresident)k
88inputs+18057680outputs (1major+6587151minor)pagefaults 0swaps
