Building DAG of jobs...
Creating conda environment envs/sambamba.yaml...
Downloading and installing remote packages.
Environment for envs/sambamba.yaml created (location: .snakemake/conda/161270b3)
Creating conda environment envs/fastqc.yaml...
Downloading and installing remote packages.
Environment for envs/fastqc.yaml created (location: .snakemake/conda/db11be3d)
Creating conda environment envs/multiqc.yaml...
Downloading and installing remote packages.
Environment for envs/multiqc.yaml created (location: .snakemake/conda/3b3f9fcc)
Creating conda environment envs/trim_galore.yaml...
Downloading and installing remote packages.
Environment for envs/trim_galore.yaml created (location: .snakemake/conda/2d11c835)
Creating conda environment envs/gatk4.yaml...
Downloading and installing remote packages.
Environment for envs/gatk4.yaml created (location: .snakemake/conda/d25e7f0d)
Creating conda environment envs/bwa.yaml...
Downloading and installing remote packages.
Environment for envs/bwa.yaml created (location: .snakemake/conda/a18bdbb8)
Using shell: /bin/bash
Provided cores: 2
Rules claiming more threads will be scaled down.
Job counts:
	count	jobs
	1	all
	1	bwa_map
	1	fastqc
	1	gatk4_AddOrReplaceReadGroups
	1	gatk4_ApplyBQSR
	1	gatk4_BaseRecalibrator
	1	gatk4_HaplotypeCaller_single
	1	multiqc_post_trim
	1	multiqc_pre_trim
	1	sambamba_index_rgadd
	1	sambamba_mkdups
	1	sambamba_sort
	1	trim_galore_pe
	13

[Thu May 28 20:20:18 2020]
Job 5: Applying quality and adapter trimming of input fastq files: ../fastq/NIST7035_NIST_chr1_R1.fastq.gz and ../fastq/NIST7035_NIST_chr1_R2.fastq.gz

Activating conda environment: /store/lkemp/exome_project/resource_benchmarking/resource_bench1.1/human_genomics_pipeline/.snakemake/conda/2d11c835
[Thu May 28 20:25:09 2020]
Finished job 5.
1 of 13 steps (8%) done

[Thu May 28 20:25:09 2020]
Job 12: Mapping sequences against a reference human genome with BWA-MEM

Activating conda environment: /store/lkemp/exome_project/resource_benchmarking/resource_bench1.1/human_genomics_pipeline/.snakemake/conda/a18bdbb8
[Thu May 28 20:38:29 2020]
Finished job 12.
2 of 13 steps (15%) done

[Thu May 28 20:38:29 2020]
Job 11: Sorting BAM files

Activating conda environment: /store/lkemp/exome_project/resource_benchmarking/resource_bench1.1/human_genomics_pipeline/.snakemake/conda/161270b3
Removing temporary output file mapped/NIST7035_NIST_chr1_bwamem.bam.
Removing temporary output file mapped/NIST7035_NIST_chr1_bwamem_sorted.bam.bai.
[Thu May 28 20:39:36 2020]
Finished job 11.
3 of 13 steps (23%) done

[Thu May 28 20:39:36 2020]
Job 10: Finding duplicate reads in BAM files

Activating conda environment: /store/lkemp/exome_project/resource_benchmarking/resource_bench1.1/human_genomics_pipeline/.snakemake/conda/161270b3
Removing temporary output file mapped/NIST7035_NIST_chr1_bwamem_sorted.bam.
Removing temporary output file mapped/NIST7035_NIST_chr1_bwamem_sorted_mkdups.bam.bai.
[Thu May 28 20:41:07 2020]
Finished job 10.
4 of 13 steps (31%) done

[Thu May 28 20:41:07 2020]
Job 2: Searching for analysis logs to compile a HTML report


[Thu May 28 20:41:07 2020]
Job 7: Assigning all reads to a single new read-group

Activating conda environment: /store/lkemp/exome_project/resource_benchmarking/resource_bench1.1/human_genomics_pipeline/.snakemake/conda/3b3f9fcc
Activating conda environment: /store/lkemp/exome_project/resource_benchmarking/resource_bench1.1/human_genomics_pipeline/.snakemake/conda/d25e7f0d
[Thu May 28 20:41:15 2020]
Finished job 2.
5 of 13 steps (38%) done
Removing temporary output file mapped/NIST7035_NIST_chr1_bwamem_sorted_mkdups.bam.
[Thu May 28 20:41:42 2020]
Finished job 7.
6 of 13 steps (46%) done

[Thu May 28 20:41:42 2020]
Job 8: Building index files for BAM files

Activating conda environment: /store/lkemp/exome_project/resource_benchmarking/resource_bench1.1/human_genomics_pipeline/.snakemake/conda/161270b3
[Thu May 28 20:41:50 2020]
Finished job 8.
7 of 13 steps (54%) done

[Thu May 28 20:41:50 2020]
Job 9: Generating a recalibration table for the following rule (Base Quality Score Recalibration)

Activating conda environment: /store/lkemp/exome_project/resource_benchmarking/resource_bench1.1/human_genomics_pipeline/.snakemake/conda/d25e7f0d
[Thu May 28 20:45:06 2020]
Finished job 9.
8 of 13 steps (62%) done

[Thu May 28 20:45:06 2020]
Job 6: Applying base quality score recalibration and producing a recalibrated BAM file

Activating conda environment: /store/lkemp/exome_project/resource_benchmarking/resource_bench1.1/human_genomics_pipeline/.snakemake/conda/d25e7f0d
Removing temporary output file mapped/NIST7035_NIST_chr1_sorted_mkdups_rgreplaced.bam.
Removing temporary output file mapped/NIST7035_NIST_chr1_sorted_mkdups_rgreplaced.bam.bai.
[Thu May 28 20:47:12 2020]
Finished job 6.
9 of 13 steps (69%) done

[Thu May 28 20:47:12 2020]
Job 3: Calling germline SNPs and indels via local re-assembly of haplotypes

Activating conda environment: /store/lkemp/exome_project/resource_benchmarking/resource_bench1.1/human_genomics_pipeline/.snakemake/conda/d25e7f0d
[Thu May 28 21:15:46 2020]
Finished job 3.
10 of 13 steps (77%) done

[Thu May 28 21:15:46 2020]
Job 4: Undertaking quality control checks on raw sequence data

Activating conda environment: /store/lkemp/exome_project/resource_benchmarking/resource_bench1.1/human_genomics_pipeline/.snakemake/conda/db11be3d
[Thu May 28 21:16:26 2020]
Finished job 4.
11 of 13 steps (85%) done

[Thu May 28 21:16:26 2020]
Job 1: Searching for analysis logs to compile a HTML report

Activating conda environment: /store/lkemp/exome_project/resource_benchmarking/resource_bench1.1/human_genomics_pipeline/.snakemake/conda/3b3f9fcc
[Thu May 28 21:16:33 2020]
Finished job 1.
12 of 13 steps (92%) done

[Thu May 28 21:16:33 2020]
localrule all:
    input: qc/multiqc/pre_trim_multiqc_report.html, qc/multiqc/post_trim_multiqc_report.html, vcf/NIST7035_NIST_chr1_raw_snps_indels_AS_g.vcf
    jobid: 0

[Thu May 28 21:16:33 2020]
Finished job 0.
13 of 13 steps (100%) done
Complete log: /store/lkemp/exome_project/resource_benchmarking/resource_bench1.1/human_genomics_pipeline/.snakemake/log/2020-05-28T201706.537899.snakemake.log
