Building DAG of jobs...
Using shell: /bin/bash
Provided cores: 1 (use --cores to define parallelism)
Rules claiming more threads will be scaled down.
Job counts:
	count	jobs
	1	all
	1	bwa_map
	1	fastqc
	1	gatk4_AddOrReplaceReadGroups
	1	gatk4_ApplyBQSR
	1	gatk4_BaseRecalibrator
	1	gatk4_HaplotypeCaller_single
	1	multiqc_post_trim
	1	multiqc_pre_trim
	1	sambamba_index
	1	sambamba_index_rgadd
	1	sambamba_mkdups
	1	sambamba_sort
	1	trim_galore_pe
	14

[Fri Jun 12 12:17:41 2020]
Job 5: Applying quality and adapter trimming of input fastq files: ../fastq/NIST7035_NIST_chr1-15_R1.fastq.gz and ../fastq/NIST7035_NIST_chr1-15_R2.fastq.gz

Activating conda environment: /store/lkemp/exome_project/resource_benchmarking/resource_bench2.0/human_genomics_pipeline/.snakemake/conda/3154b8c2
[Fri Jun 12 13:03:39 2020]
Finished job 5.
1 of 14 steps (7%) done

[Fri Jun 12 13:03:39 2020]
Job 13: Mapping sequences against a reference human genome with BWA-MEM

Activating conda environment: /store/lkemp/exome_project/resource_benchmarking/resource_bench2.0/human_genomics_pipeline/.snakemake/conda/eed67cb7
[Fri Jun 12 17:02:52 2020]
Finished job 13.
2 of 14 steps (14%) done

[Fri Jun 12 17:02:52 2020]
Job 12: Sorting BAM files

Activating conda environment: /store/lkemp/exome_project/resource_benchmarking/resource_bench2.0/human_genomics_pipeline/.snakemake/conda/b1da5398
[Fri Jun 12 17:18:00 2020]
Error in rule sambamba_sort:
    jobid: 12
    output: mapped/NIST7035_NIST_chr1-15_bwamem_sorted.bam, mapped/NIST7035_NIST_chr1-15_bwamem_sorted.bam.bai
    log: logs/sambamba_sort/NIST7035_NIST_chr1-15.log (check log file(s) for error message)
    conda-env: /store/lkemp/exome_project/resource_benchmarking/resource_bench2.0/human_genomics_pipeline/.snakemake/conda/b1da5398
    shell:
        ( /usr/bin/time sambamba sort -p mapped/NIST7035_NIST_chr1-15_bwamem.bam -o mapped/NIST7035_NIST_chr1-15_bwamem_sorted.bam --tmpdir=/store/lkemp/exome_project/tmp/ -m 6G -t 1 ) 2> times/sambamba_sort.stderr
        (one of the commands exited with non-zero exit code; note that snakemake uses bash strict mode!)

Removing output files of failed job sambamba_sort since they might be corrupted:
mapped/NIST7035_NIST_chr1-15_bwamem_sorted.bam, mapped/NIST7035_NIST_chr1-15_bwamem_sorted.bam.bai
Shutting down, this might take some time.
Exiting because a job execution failed. Look above for error message
Complete log: /store/lkemp/exome_project/resource_benchmarking/resource_bench2.0/human_genomics_pipeline/.snakemake/log/2020-06-12T121741.655082.snakemake.log
