Building DAG of jobs...
Using shell: /bin/bash
Provided cores: 1 (use --cores to define parallelism)
Rules claiming more threads will be scaled down.
Job counts:
	count	jobs
	1	all
	1	fastqc
	1	gatk4_AddOrReplaceReadGroups
	1	gatk4_ApplyBQSR
	1	gatk4_BaseRecalibrator
	1	gatk4_HaplotypeCaller_single
	1	multiqc_post_trim
	1	multiqc_pre_trim
	1	sambamba_index
	1	sambamba_index_rgadd
	1	sambamba_mkdups
	1	sambamba_sort
	12

[Fri Jun 12 19:52:38 2020]
Job 12: Sorting BAM files

Activating conda environment: /store/lkemp/exome_project/resource_benchmarking/resource_bench2.0/human_genomics_pipeline/.snakemake/conda/b1da5398
[Fri Jun 12 19:55:04 2020]
Error in rule sambamba_sort:
    jobid: 12
    output: mapped/NIST7035_NIST_chr1-15_bwamem_sorted.bam, mapped/NIST7035_NIST_chr1-15_bwamem_sorted.bam.bai
    log: logs/sambamba_sort/NIST7035_NIST_chr1-15.log (check log file(s) for error message)
    conda-env: /store/lkemp/exome_project/resource_benchmarking/resource_bench2.0/human_genomics_pipeline/.snakemake/conda/b1da5398
    shell:
        ( /usr/bin/time sambamba sort -p mapped/NIST7035_NIST_chr1-15_bwamem.bam -o mapped/NIST7035_NIST_chr1-15_bwamem_sorted.bam --tmpdir=/store/lkemp/exome_project/tmp/ -m 6G -t 1 ) 2> times/sambamba_sort.stderr
        (one of the commands exited with non-zero exit code; note that snakemake uses bash strict mode!)

Shutting down, this might take some time.
Exiting because a job execution failed. Look above for error message
Complete log: /store/lkemp/exome_project/resource_benchmarking/resource_bench2.0/human_genomics_pipeline/.snakemake/log/2020-06-12T195238.148418.snakemake.log
