Building DAG of jobs...
Using shell: /bin/bash
Provided cores: 24
Rules claiming more threads will be scaled down.
Job counts:
	count	jobs
	1	all
	2	bwa_map
	2	gatk4_AddOrReplaceReadGroups
	2	gatk4_ApplyBQSR
	2	gatk4_BaseRecalibrator
	2	gatk4_HaplotypeCaller_single
	1	multiqc_post_trim
	2	sambamba_index_rgadd
	2	sambamba_mkdups
	2	sambamba_sort
	2	trim_galore_pe
	20

[Wed Jun  3 13:12:09 2020]
Job 8: Applying quality and adapter trimming of input fastq files: ../fastq/NIST7086_NIST_R1.fastq.gz and ../fastq/NIST7086_NIST_R2.fastq.gz


[Wed Jun  3 13:12:10 2020]
Job 7: Applying quality and adapter trimming of input fastq files: ../fastq/NIST7035_NIST_R1.fastq.gz and ../fastq/NIST7035_NIST_R2.fastq.gz

Activating conda environment: /store/lkemp/exome_project/quality_benchmarking/NA12878_exome/quality_bench1.4/human_genomics_pipeline/.snakemake/conda/f089da10
Activating conda environment: /store/lkemp/exome_project/quality_benchmarking/NA12878_exome/quality_bench1.4/human_genomics_pipeline/.snakemake/conda/f089da10
[Wed Jun  3 13:43:30 2020]
Finished job 7.
1 of 20 steps (5%) done

[Wed Jun  3 13:43:30 2020]
Job 21: Mapping sequences against a reference human genome with BWA-MEM

Activating conda environment: /store/lkemp/exome_project/quality_benchmarking/NA12878_exome/quality_bench1.4/human_genomics_pipeline/.snakemake/conda/5959080a
[Wed Jun  3 13:46:10 2020]
Finished job 8.
2 of 20 steps (10%) done

[Wed Jun  3 13:46:10 2020]
Job 22: Mapping sequences against a reference human genome with BWA-MEM

Activating conda environment: /store/lkemp/exome_project/quality_benchmarking/NA12878_exome/quality_bench1.4/human_genomics_pipeline/.snakemake/conda/5959080a
[Wed Jun  3 14:05:49 2020]
Finished job 21.
3 of 20 steps (15%) done

[Wed Jun  3 14:05:49 2020]
Job 19: Sorting BAM files


[Wed Jun  3 14:05:49 2020]
Job 2: Searching for analysis logs to compile a HTML report

Activating conda environment: /store/lkemp/exome_project/quality_benchmarking/NA12878_exome/quality_bench1.4/human_genomics_pipeline/.snakemake/conda/e784bcfb
Activating conda environment: /store/lkemp/exome_project/quality_benchmarking/NA12878_exome/quality_bench1.4/human_genomics_pipeline/.snakemake/conda/e5ec216c
[Wed Jun  3 14:06:09 2020]
Finished job 2.
4 of 20 steps (20%) done
[Wed Jun  3 14:10:47 2020]
Finished job 22.
5 of 20 steps (25%) done

[Wed Jun  3 14:10:47 2020]
Job 20: Sorting BAM files

Activating conda environment: /store/lkemp/exome_project/quality_benchmarking/NA12878_exome/quality_bench1.4/human_genomics_pipeline/.snakemake/conda/e784bcfb
Removing temporary output file mapped/NIST7035_NIST_bwamem.bam.
Removing temporary output file mapped/NIST7035_NIST_bwamem_sorted.bam.bai.
[Wed Jun  3 14:16:19 2020]
Finished job 19.
6 of 20 steps (30%) done

[Wed Jun  3 14:16:19 2020]
Job 17: Finding duplicate reads in BAM files

Activating conda environment: /store/lkemp/exome_project/quality_benchmarking/NA12878_exome/quality_bench1.4/human_genomics_pipeline/.snakemake/conda/e784bcfb
Removing temporary output file mapped/NIST7086_NIST_bwamem.bam.
Removing temporary output file mapped/NIST7086_NIST_bwamem_sorted.bam.bai.
[Wed Jun  3 14:19:13 2020]
Finished job 20.
7 of 20 steps (35%) done

[Wed Jun  3 14:19:13 2020]
Job 18: Finding duplicate reads in BAM files

Activating conda environment: /store/lkemp/exome_project/quality_benchmarking/NA12878_exome/quality_bench1.4/human_genomics_pipeline/.snakemake/conda/e784bcfb
Removing temporary output file mapped/NIST7035_NIST_bwamem_sorted.bam.
Removing temporary output file mapped/NIST7035_NIST_bwamem_sorted_mkdups.bam.bai.
[Wed Jun  3 14:24:37 2020]
Finished job 17.
8 of 20 steps (40%) done

[Wed Jun  3 14:24:37 2020]
Job 11: Assigning all reads to a single new read-group

Activating conda environment: /store/lkemp/exome_project/quality_benchmarking/NA12878_exome/quality_bench1.4/human_genomics_pipeline/.snakemake/conda/414adf7a
Removing temporary output file mapped/NIST7086_NIST_bwamem_sorted.bam.
Removing temporary output file mapped/NIST7086_NIST_bwamem_sorted_mkdups.bam.bai.
[Wed Jun  3 14:28:00 2020]
Finished job 18.
9 of 20 steps (45%) done

[Wed Jun  3 14:28:00 2020]
Job 14: Assigning all reads to a single new read-group

Activating conda environment: /store/lkemp/exome_project/quality_benchmarking/NA12878_exome/quality_bench1.4/human_genomics_pipeline/.snakemake/conda/414adf7a
Removing temporary output file mapped/NIST7035_NIST_bwamem_sorted_mkdups.bam.
[Wed Jun  3 14:29:14 2020]
Finished job 11.
10 of 20 steps (50%) done

[Wed Jun  3 14:29:14 2020]
Job 12: Building index files for BAM files

Activating conda environment: /store/lkemp/exome_project/quality_benchmarking/NA12878_exome/quality_bench1.4/human_genomics_pipeline/.snakemake/conda/e784bcfb
[Wed Jun  3 14:29:45 2020]
Finished job 12.
11 of 20 steps (55%) done

[Wed Jun  3 14:29:45 2020]
Job 13: Generating a recalibration table for the following rule (Base Quality Score Recalibration)

Activating conda environment: /store/lkemp/exome_project/quality_benchmarking/NA12878_exome/quality_bench1.4/human_genomics_pipeline/.snakemake/conda/414adf7a
Removing temporary output file mapped/NIST7086_NIST_bwamem_sorted_mkdups.bam.
[Wed Jun  3 14:33:14 2020]
Finished job 14.
12 of 20 steps (60%) done

[Wed Jun  3 14:33:14 2020]
Job 15: Building index files for BAM files

Activating conda environment: /store/lkemp/exome_project/quality_benchmarking/NA12878_exome/quality_bench1.4/human_genomics_pipeline/.snakemake/conda/e784bcfb
[Wed Jun  3 14:33:46 2020]
Finished job 15.
13 of 20 steps (65%) done

[Wed Jun  3 14:33:46 2020]
Job 16: Generating a recalibration table for the following rule (Base Quality Score Recalibration)

Activating conda environment: /store/lkemp/exome_project/quality_benchmarking/NA12878_exome/quality_bench1.4/human_genomics_pipeline/.snakemake/conda/414adf7a
[Wed Jun  3 15:06:18 2020]
Finished job 13.
14 of 20 steps (70%) done

[Wed Jun  3 15:06:18 2020]
Job 9: Applying base quality score recalibration and producing a recalibrated BAM file

Activating conda environment: /store/lkemp/exome_project/quality_benchmarking/NA12878_exome/quality_bench1.4/human_genomics_pipeline/.snakemake/conda/414adf7a
[Wed Jun  3 15:11:29 2020]
Finished job 16.
15 of 20 steps (75%) done

[Wed Jun  3 15:11:29 2020]
Job 10: Applying base quality score recalibration and producing a recalibrated BAM file

Activating conda environment: /store/lkemp/exome_project/quality_benchmarking/NA12878_exome/quality_bench1.4/human_genomics_pipeline/.snakemake/conda/414adf7a
Removing temporary output file mapped/NIST7035_NIST_sorted_mkdups_rgreplaced.bam.
Removing temporary output file mapped/NIST7035_NIST_sorted_mkdups_rgreplaced.bam.bai.
[Wed Jun  3 15:28:31 2020]
Finished job 9.
16 of 20 steps (80%) done

[Wed Jun  3 15:28:31 2020]
Job 3: Calling germline SNPs and indels via local re-assembly of haplotypes

Activating conda environment: /store/lkemp/exome_project/quality_benchmarking/NA12878_exome/quality_bench1.4/human_genomics_pipeline/.snakemake/conda/414adf7a
Removing temporary output file mapped/NIST7086_NIST_sorted_mkdups_rgreplaced.bam.
Removing temporary output file mapped/NIST7086_NIST_sorted_mkdups_rgreplaced.bam.bai.
[Wed Jun  3 15:34:01 2020]
Finished job 10.
17 of 20 steps (85%) done

[Wed Jun  3 15:34:01 2020]
Job 4: Calling germline SNPs and indels via local re-assembly of haplotypes

Activating conda environment: /store/lkemp/exome_project/quality_benchmarking/NA12878_exome/quality_bench1.4/human_genomics_pipeline/.snakemake/conda/414adf7a
[Wed Jun  3 18:32:49 2020]
Finished job 3.
18 of 20 steps (90%) done
[Wed Jun  3 18:56:54 2020]
Finished job 4.
19 of 20 steps (95%) done

[Wed Jun  3 18:56:54 2020]
localrule all:
    input: qc/multiqc/pre_trim_multiqc_report.html, qc/multiqc/post_trim_multiqc_report.html, vcf/NIST7035_NIST_raw_snps_indels_AS_g.vcf, vcf/NIST7086_NIST_raw_snps_indels_AS_g.vcf
    jobid: 0

[Wed Jun  3 18:56:54 2020]
Finished job 0.
20 of 20 steps (100%) done
Complete log: /store/lkemp/exome_project/quality_benchmarking/NA12878_exome/quality_bench1.4/human_genomics_pipeline/.snakemake/log/2020-06-03T131209.117368.snakemake.log
